
=== Thu May 16 19:22:57 2019

Packages were changed.
Update Mode: mergeDefaultDependencies

The following packages were added:
  com.unity.ext.nunit@1.0.0
  com.unity.test-framework@1.0.12
  com.unity.ide.vscode@1.0.4
  com.unity.ide.visualstudio@1.0.5
  com.unity.ide.rider@1.0.4
  com.unity.modules.androidjni@1.0.0
The following packages were updated:
  com.unity.collab-proxy from version 1.2.9 to 1.2.16
  com.unity.package-manager-ui from version 0.0.0-builtin to 2.2.0
  com.unity.purchasing from version 2.0.1 to 2.0.6
  com.unity.timeline from version 0.0.0-builtin to 1.0.0

=== Sun Sep 22 11:56:47 2019

Packages were changed.
Update Mode: updateDependencies

The following packages were updated:
  com.unity.analytics from version 3.2.2 to 3.3.2
  com.unity.ide.rider from version 1.0.4 to 1.1.0
  com.unity.test-framework from version 1.0.12 to 1.1.1
  com.unity.textmeshpro from version 1.3.0 to 2.0.1
  com.unity.timeline from version 1.0.0 to 1.2.2
The following packages were removed:
  com.unity.package-manager-ui@2.2.0

=== Sun Mar  8 20:12:34 2020

Packages were changed.
Update Mode: updateDependencies

The following packages were updated:
  com.unity.analytics from version 3.3.2 to 3.3.5
  com.unity.ide.rider from version 1.1.0 to 1.1.4
  com.unity.test-framework from version 1.1.1 to 1.1.11
  com.unity.timeline from version 1.2.2 to 1.2.12

=== Tue Dec 29 14:21:56 2020

Packages were changed.
Update Mode: updateDependencies

The following packages were updated:
  com.unity.ads from version 2.0.8 to 3.5.2
  com.unity.ext.nunit from version 1.0.0 to 1.0.5
  com.unity.purchasing from version 2.0.6 to 2.1.1
  com.unity.test-framework from version 1.1.11 to 1.1.19
